<?xml version="1.0" encoding="UTF-8"?>
<!-- Generated by org.testng.reporters.JUnitXMLReporter -->
<testsuite ignored="28" hostname="Dewans-MBP.lan" failures="0" tests="1" name="Default test" time="96.4" errors="0" timestamp="2024-06-17T04:59:54 EDT">
  <testcase classname="pages.HomePageTest" name="use_of_clear_in_login" time="68.063"/>
  <testcase classname="pages.HomePageTest" name="clickepicapp" time="0.0">
    <ignored/>
  </testcase> <!-- clickepicapp -->
  <testcase classname="pages.HomePageTest" name="useofisdisplayedinsignin" time="0.0">
    <ignored/>
  </testcase> <!-- useofisdisplayedinsignin -->
  <testcase classname="pages.HomePageTest" name="getAttributeMethodTest" time="0.0">
    <ignored/>
  </testcase> <!-- getAttributeMethodTest -->
  <testcase classname="pages.HomePageTest" name="clickfooter" time="0.0">
    <ignored/>
  </testcase> <!-- clickfooter -->
  <testcase classname="pages.HomePageTest" name="clickbill" time="0.0">
    <ignored/>
  </testcase> <!-- clickbill -->
  <testcase classname="pages.HomePageTest" name="clicksignup" time="0.0">
    <ignored/>
  </testcase> <!-- clicksignup -->
  <testcase classname="pages.HomePageTest" name="signUpPageValidation" time="0.0">
    <ignored/>
  </testcase> <!-- signUpPageValidation -->
  <testcase classname="pages.HomePageTest" name="useOfByClassInLogin" time="0.0">
    <ignored/>
  </testcase> <!-- useOfByClassInLogin -->
  <testcase classname="pages.HomePageTest" name="useofisenabledinsignin" time="0.0">
    <ignored/>
  </testcase> <!-- useofisenabledinsignin -->
  <testcase classname="pages.HomePageTest" name="clickpassword" time="0.0">
    <ignored/>
  </testcase> <!-- clickpassword -->
  <testcase classname="pages.HomePageTest" name="clicklanguage" time="0.0">
    <ignored/>
  </testcase> <!-- clicklanguage -->
  <testcase classname="pages.HomePageTest" name="cssselectorclassnameanditsvalue" time="0.0">
    <ignored/>
  </testcase> <!-- cssselectorclassnameanditsvalue -->
  <testcase classname="pages.HomePageTest" name="usetagnameaslocator" time="0.0">
    <ignored/>
  </testcase> <!-- usetagnameaslocator -->
  <testcase classname="pages.HomePageTest" name="cssselelctorforattributesanditsvalue" time="0.0">
    <ignored/>
  </testcase> <!-- cssselelctorforattributesanditsvalue -->
  <testcase classname="pages.HomePageTest" name="cssselectorforid" time="0.0">
    <ignored/>
  </testcase> <!-- cssselectorforid -->
  <testcase classname="pages.HomePageTest" name="clickusername" time="0.0">
    <ignored/>
  </testcase> <!-- clickusername -->
  <testcase classname="pages.HomePageTest" name="cssselectorforclassname" time="0.0">
    <ignored/>
  </testcase> <!-- cssselectorforclassname -->
  <testcase classname="pages.HomePageTest" name="useofisselectedinsignin" time="0.0">
    <ignored/>
  </testcase> <!-- useofisselectedinsignin -->
  <testcase classname="pages.HomePageTest" name="inputTextInusernameAndpasswordFieldThenClicksignIn" time="0.0">
    <ignored/>
  </testcase> <!-- inputTextInusernameAndpasswordFieldThenClicksignIn -->
  <testcase classname="pages.HomePageTest" name="getTheMethodsOfThePageTest" time="0.0">
    <ignored/>
  </testcase> <!-- getTheMethodsOfThePageTest -->
  <testcase classname="pages.HomePageTest" name="cssselectoridnameanditsvalue" time="0.0">
    <ignored/>
  </testcase> <!-- cssselectoridnameanditsvalue -->
  <testcase classname="pages.HomePageTest" name="clickforgotpassword" time="0.0">
    <ignored/>
  </testcase> <!-- clickforgotpassword -->
  <testcase classname="pages.HomePageTest" name="clicksignin" time="0.0">
    <ignored/>
  </testcase> <!-- clicksignin -->
  <testcase classname="pages.HomePageTest" name="clickusernamehh" time="0.0">
    <ignored/>
  </testcase> <!-- clickusernamehh -->
  <testcase classname="pages.HomePageTest" name="clicklogo" time="0.0">
    <ignored/>
  </testcase> <!-- clicklogo -->
  <testcase classname="pages.HomePageTest" name="useofisdisplayed" time="0.0">
    <ignored/>
  </testcase> <!-- useofisdisplayed -->
  <testcase classname="pages.HomePageTest" name="clickforgotusername" time="0.0">
    <ignored/>
  </testcase> <!-- clickforgotusername -->
  <testcase classname="pages.HomePageTest" name="clickgethelp" time="0.0">
    <ignored/>
  </testcase> <!-- clickgethelp -->
</testsuite> <!-- Default test -->
