<?xml version="1.0" encoding="UTF-8"?>
<!-- Generated by org.testng.reporters.JUnitXMLReporter -->
<testsuite ignored="3" hostname="Dewans-MBP.lan" failures="0" tests="1" name="Default test" time="10.575" errors="0" timestamp="2024-06-06T19:42:08 EDT">
  <testcase classname="pages.HomePageTest" name="clickgethelp" time="5.61"/>
  <testcase classname="pages.HomePageTest" name="clickusername" time="0.0">
    <ignored/>
  </testcase> <!-- clickusername -->
  <testcase classname="pages.HomePageTest" name="clickfooter" time="0.0">
    <ignored/>
  </testcase> <!-- clickfooter -->
  <testcase classname="pages.HomePageTest" name="clickbill" time="0.0">
    <ignored/>
  </testcase> <!-- clickbill -->
</testsuite> <!-- Default test -->
