<?xml version="1.0" encoding="UTF-8"?>
<testng-results ignored="3" total="4" passed="1" failed="0" skipped="0">
  <reporter-output>
  </reporter-output>
  <suite started-at="2024-06-07T05:03:29 EDT" name="Default suite" finished-at="2024-06-07T05:03:34 EDT" duration-ms="4781">
    <groups>
    </groups>
    <test started-at="2024-06-07T05:03:29 EDT" name="Default test" finished-at="2024-06-07T05:03:34 EDT" duration-ms="4781">
      <class name="pages.HomePageTest">
        <test-method is-config="true" signature="setUp()[pri:0, instance:pages.HomePageTest@63376bed]" started-at="2024-06-07T05:03:29 EDT" name="setUp" finished-at="2024-06-07T05:03:33 EDT" duration-ms="4091" status="PASS">
          <reporter-output>
          </reporter-output>
        </test-method> <!-- setUp -->
        <test-method signature="clickbill()[pri:0, instance:pages.HomePageTest@63376bed]" started-at="2024-06-07T05:03:33 EDT" name="clickbill" finished-at="2024-06-07T05:03:34 EDT" duration-ms="543" status="PASS">
          <reporter-output>
          </reporter-output>
        </test-method> <!-- clickbill -->
        <test-method is-config="true" signature="tearUp()[pri:0, instance:pages.HomePageTest@63376bed]" started-at="2024-06-07T05:03:34 EDT" name="tearUp" finished-at="2024-06-07T05:03:34 EDT" duration-ms="105" status="PASS">
          <reporter-output>
          </reporter-output>
        </test-method> <!-- tearUp -->
      </class> <!-- pages.HomePageTest -->
    </test> <!-- Default test -->
  </suite> <!-- Default suite -->
</testng-results>
